<?xml version="1.0" encoding="UTF-8"?>
<!-- Generated by org.testng.reporters.JUnitReportReporter -->
<testsuite skipped="0" hostname="LAPTOP-5TO8SRSS" name="com.training.sanity.tests.AddCommentBlogTest" tests="2" failures="0" timestamp="2020-02-06T17:52:54 IST" time="28.853" errors="0">
  <testcase name="validLoginTest" time="2.820" classname="com.training.sanity.tests.AddCommentBlogTest"/>
  <testcase name="createPostsCategory" time="26.033" classname="com.training.sanity.tests.AddCommentBlogTest"/>
</testsuite> <!-- com.training.sanity.tests.AddCommentBlogTest -->
