<?xml version="1.0" encoding="UTF-8"?>
<!-- Generated by org.testng.reporters.JUnitReportReporter -->
<testsuite skipped="0" hostname="LAPTOP-5TO8SRSS" name="com.training.sanity.tests.LoginAdminTests" tests="2" failures="0" timestamp="2020-02-03T18:24:02 IST" time="24.171" errors="0">
  <testcase name="validLoginTest" time="5.431" classname="com.training.sanity.tests.LoginAdminTests"/>
  <testcase name="createPostsCategory" time="18.740" classname="com.training.sanity.tests.LoginAdminTests"/>
</testsuite> <!-- com.training.sanity.tests.LoginAdminTests -->
