<?xml version="1.0" encoding="UTF-8"?>
<!-- Generated by org.testng.reporters.JUnitReportReporter -->
<testsuite skipped="0" hostname="LAPTOP-5TO8SRSS" name="com.training.sanity.tests.VerifyPostAddedTests" tests="2" failures="0" timestamp="2020-02-04T12:17:16 IST" time="28.016" errors="0">
  <testcase name="validLoginTest" time="5.397" classname="com.training.sanity.tests.VerifyPostAddedTests"/>
  <testcase name="createPostsCategory" time="22.619" classname="com.training.sanity.tests.VerifyPostAddedTests"/>
</testsuite> <!-- com.training.sanity.tests.VerifyPostAddedTests -->
