<?xml version="1.0" encoding="UTF-8"?>
<!-- Generated by org.testng.reporters.JUnitReportReporter -->
<testsuite skipped="0" hostname="LAPTOP-5TO8SRSS" name="com.training.regression.tests.LoginDBTest" tests="2" failures="0" timestamp="2020-02-07T10:46:07 IST" time="47.640" errors="0">
  <testcase name="loginDBTest" time="20.674" classname="com.training.regression.tests.LoginDBTest"/>
  <testcase name="loginDBTest" time="26.966" classname="com.training.regression.tests.LoginDBTest"/>
</testsuite> <!-- com.training.regression.tests.LoginDBTest -->
