<?xml version="1.0" encoding="UTF-8"?>
<!-- Generated by org.testng.reporters.JUnitReportReporter -->
<testsuite skipped="0" hostname="LAPTOP-5TO8SRSS" name="com.training.sanity.tests.LoginTests" tests="2" failures="0" timestamp="2020-02-03T10:36:08 IST" time="12.842" errors="0">
  <testcase name="validLoginTest" time="8.976" classname="com.training.sanity.tests.LoginTests"/>
  <testcase name="validLogoutTest" time="3.866" classname="com.training.sanity.tests.LoginTests"/>
</testsuite> <!-- com.training.sanity.tests.LoginTests -->
