<?xml version="1.0" encoding="UTF-8"?>
<!-- Generated by org.testng.reporters.JUnitReportReporter -->
<testsuite skipped="0" hostname="LAPTOP-5TO8SRSS" name="com.training.sanity.tests.AddPropertytoTrashTest" tests="2" failures="0" timestamp="2020-02-06T18:13:30 IST" time="31.245" errors="0">
  <testcase name="validLoginTest" time="5.008" classname="com.training.sanity.tests.AddPropertytoTrashTest"/>
  <testcase name="createPostsCategory" time="26.237" classname="com.training.sanity.tests.AddPropertytoTrashTest"/>
</testsuite> <!-- com.training.sanity.tests.AddPropertytoTrashTest -->
