<?xml version="1.0" encoding="UTF-8"?>
<!-- Generated by org.testng.reporters.JUnitReportReporter -->
<testsuite skipped="0" hostname="LAPTOP-5TO8SRSS" name="com.training.sanity.tests.CreatePropertyFeatureTests" tests="2" failures="0" timestamp="2020-02-06T18:12:22 IST" time="30.947" errors="0">
  <testcase name="validLoginTest" time="5.677" classname="com.training.sanity.tests.CreatePropertyFeatureTests"/>
  <testcase name="createPostsCategory" time="25.270" classname="com.training.sanity.tests.CreatePropertyFeatureTests"/>
</testsuite> <!-- com.training.sanity.tests.CreatePropertyFeatureTests -->
