<?xml version="1.0" encoding="UTF-8"?>
<!-- Generated by org.testng.reporters.JUnitReportReporter -->
<testsuite skipped="0" hostname="LAPTOP-5TO8SRSS" name="com.training.sanity.tests.AddNewPropertyAllDetailsTest" tests="2" failures="0" timestamp="2020-02-06T18:14:46 IST" time="33.979" errors="0">
  <testcase name="validLoginTest" time="6.025" classname="com.training.sanity.tests.AddNewPropertyAllDetailsTest"/>
  <testcase name="createPostsCategory" time="27.954" classname="com.training.sanity.tests.AddNewPropertyAllDetailsTest"/>
</testsuite> <!-- com.training.sanity.tests.AddNewPropertyAllDetailsTest -->
