<?xml version="1.0" encoding="UTF-8"?>
<!-- Generated by org.testng.reporters.JUnitReportReporter -->
<testsuite skipped="0" hostname="LAPTOP-5TO8SRSS" name="com.training.sanity.tests.AddNewPostCategoryTests" tests="2" failures="0" timestamp="2020-02-06T18:16:18 IST" time="29.534" errors="0">
  <testcase name="validLoginTest" time="5.873" classname="com.training.sanity.tests.AddNewPostCategoryTests"/>
  <testcase name="createPostsCategory" time="23.661" classname="com.training.sanity.tests.AddNewPostCategoryTests"/>
</testsuite> <!-- com.training.sanity.tests.AddNewPostCategoryTests -->
